This is pdfTeX, Version 3.141592653-2.6-1.40.22 (TeX Live 2022/dev/Debian) (preloaded format=pdflatex 2024.9.21)  23 SEP 2024 22:26
entering extended mode
 restricted \write18 enabled.
 file:line:error style messages enabled.
 %&-line parsing enabled.
**/home/steve0gillet/Desktop/linearControl/hw3.tex
(/home/steve0gillet/Desktop/linearControl/hw3.tex
LaTeX2e <2021-11-15> patch level 1
L3 programming layer <2022-01-21> (/usr/share/texlive/texmf-dist/tex/latex/base/article.cls
Document Class: article 2021/10/04 v1.4n Standard LaTeX document class
(/usr/share/texlive/texmf-dist/tex/latex/base/size10.clo
File: size10.clo 2021/10/04 v1.4n Standard LaTeX file (size option)
)
\c@part=\count185
\c@section=\count186
\c@subsection=\count187
\c@subsubsection=\count188
\c@paragraph=\count189
\c@subparagraph=\count190
\c@figure=\count191
\c@table=\count192
\abovecaptionskip=\skip47
\belowcaptionskip=\skip48
\bibindent=\dimen138
) (/usr/share/texlive/texmf-dist/tex/latex/base/inputenc.sty
Package: inputenc 2021/02/14 v1.3d Input encoding file
\inpenc@prehook=\toks16
\inpenc@posthook=\toks17
) (/usr/share/texlive/texmf-dist/tex/latex/amsmath/amsmath.sty
Package: amsmath 2021/10/15 v2.17l AMS math features
\@mathmargin=\skip49

For additional information on amsmath, use the `?' option.
(/usr/share/texlive/texmf-dist/tex/latex/amsmath/amstext.sty
Package: amstext 2021/08/26 v2.01 AMS text
 (/usr/share/texlive/texmf-dist/tex/latex/amsmath/amsgen.sty
File: amsgen.sty 1999/11/30 v2.0 generic functions
\@emptytoks=\toks18
\ex@=\dimen139
)) (/usr/share/texlive/texmf-dist/tex/latex/amsmath/amsbsy.sty
Package: amsbsy 1999/11/29 v1.2d Bold Symbols
\pmbraise@=\dimen140
) (/usr/share/texlive/texmf-dist/tex/latex/amsmath/amsopn.sty
Package: amsopn 2021/08/26 v2.02 operator names
)
\inf@bad=\count193
LaTeX Info: Redefining \frac on input line 234.
\uproot@=\count194
\leftroot@=\count195
LaTeX Info: Redefining \overline on input line 399.
\classnum@=\count196
\DOTSCASE@=\count197
LaTeX Info: Redefining \ldots on input line 496.
LaTeX Info: Redefining \dots on input line 499.
LaTeX Info: Redefining \cdots on input line 620.
\Mathstrutbox@=\box50
\strutbox@=\box51
\big@size=\dimen141
LaTeX Font Info:    Redeclaring font encoding OML on input line 743.
LaTeX Font Info:    Redeclaring font encoding OMS on input line 744.
\macc@depth=\count198
\c@MaxMatrixCols=\count199
\dotsspace@=\muskip16
\c@parentequation=\count266
\dspbrk@lvl=\count267
\tag@help=\toks19
\row@=\count268
\column@=\count269
\maxfields@=\count270
\andhelp@=\toks20
\eqnshift@=\dimen142
\alignsep@=\dimen143
\tagshift@=\dimen144
\tagwidth@=\dimen145
\totwidth@=\dimen146
\lineht@=\dimen147
\@envbody=\toks21
\multlinegap=\skip50
\multlinetaggap=\skip51
\mathdisplay@stack=\toks22
LaTeX Info: Redefining \[ on input line 2938.
LaTeX Info: Redefining \] on input line 2939.
) (/usr/share/texlive/texmf-dist/tex/latex/l3backend/l3backend-pdftex.def
File: l3backend-pdftex.def 2022-01-12 L3 backend support: PDF output (pdfTeX)
\l__color_backend_stack_int=\count271
\l__pdf_internal_box=\box52
) (./hw3.aux)
\openout1 = `hw3.aux'.

LaTeX Font Info:    Checking defaults for OML/cmm/m/it on input line 13.
LaTeX Font Info:    ... okay on input line 13.
LaTeX Font Info:    Checking defaults for OMS/cmsy/m/n on input line 13.
LaTeX Font Info:    ... okay on input line 13.
LaTeX Font Info:    Checking defaults for OT1/cmr/m/n on input line 13.
LaTeX Font Info:    ... okay on input line 13.
LaTeX Font Info:    Checking defaults for T1/cmr/m/n on input line 13.
LaTeX Font Info:    ... okay on input line 13.
LaTeX Font Info:    Checking defaults for TS1/cmr/m/n on input line 13.
LaTeX Font Info:    ... okay on input line 13.
LaTeX Font Info:    Checking defaults for OMX/cmex/m/n on input line 13.
LaTeX Font Info:    ... okay on input line 13.
LaTeX Font Info:    Checking defaults for U/cmr/m/n on input line 13.
LaTeX Font Info:    ... okay on input line 13.

Underfull \hbox (badness 10000) in paragraph at lines 34--38

 []

[1



pdfTeX warning: pdflatex (file pdftex.map): cannot open font map file
] [2] [3]
LaTeX Font Info:    Trying to load font information for OMS+cmr on input line 137.
 (/usr/share/texlive/texmf-dist/tex/latex/base/omscmr.fd
File: omscmr.fd 2019/12/16 v2.5j Standard LaTeX font definitions
)
LaTeX Font Info:    Font shape `OMS/cmr/m/n' in size <10> not available
(Font)              Font shape `OMS/cmsy/m/n' tried instead on input line 137.
 [4]
Overfull \hbox (8.15285pt too wide) in paragraph at lines 185--186
[]$\OML/cmm/m/it/10 y[] \OT1/cmr/m/n/10 = [] \OML/cmm/m/it/10 y[] \OT1/cmr/m/n/10 = [] \OML/cmm/m/it/10 y[] \OT1/cmr/m/n/10 = []$ 
 []


Overfull \hbox (40.29333pt too wide) detected at line 213
\OT1/cmr/bx/n/10 y[]y[] \OT1/cmr/m/n/10 = 1\OML/cmm/m/it/10 :\OT1/cmr/m/n/10 0001 \OMS/cmsy/m/n/10 ^^B \OT1/cmr/m/n/10 1\OML/cmm/m/it/10 :\OT1/cmr/m/n/10 0001 + 9\OML/cmm/m/it/10 :\OT1/cmr/m/n/10 9989998\OML/cmm/m/it/10 E \OMS/cmsy/m/n/10 ^^@ \OT1/cmr/m/n/10 01 \OMS/cmsy/m/n/10 ^^B \OT1/cmr/m/n/10 9\OML/cmm/m/it/10 :\OT1/cmr/m/n/10 9989998\OML/cmm/m/it/10 E \OMS/cmsy/m/n/10 ^^@ \OT1/cmr/m/n/10 01 + 1 \OMS/cmsy/m/n/10 ^^B \OT1/cmr/m/n/10 1 + 1 \OMS/cmsy/m/n/10 ^^B \OT1/cmr/m/n/10 1 = 4\OML/cmm/m/it/10 :\OT1/cmr/m/n/10 0000002\OML/cmm/m/it/10 E \OT1/cmr/m/n/10 + 00
 []

[5]
Overfull \hbox (21.04337pt too wide) detected at line 217
\OT1/cmr/bx/n/10 y[]y[] \OT1/cmr/m/n/10 = 1\OML/cmm/m/it/10 :\OT1/cmr/m/n/10 0001 \OMS/cmsy/m/n/10 ^^B \OT1/cmr/m/n/10 (\OMS/cmsy/m/n/10 ^^@\OT1/cmr/m/n/10 2) + 9\OML/cmm/m/it/10 :\OT1/cmr/m/n/10 9989998\OML/cmm/m/it/10 E \OMS/cmsy/m/n/10 ^^@ \OT1/cmr/m/n/10 01 \OMS/cmsy/m/n/10 ^^B \OT1/cmr/m/n/10 (\OMS/cmsy/m/n/10 ^^@\OT1/cmr/m/n/10 1\OML/cmm/m/it/10 :\OT1/cmr/m/n/10 9999) + 1 \OMS/cmsy/m/n/10 ^^B \OT1/cmr/m/n/10 (\OMS/cmsy/m/n/10 ^^@\OT1/cmr/m/n/10 2) + 1 \OMS/cmsy/m/n/10 ^^B \OT1/cmr/m/n/10 (\OMS/cmsy/m/n/10 ^^@\OT1/cmr/m/n/10 2) = \OMS/cmsy/m/n/10 ^^@\OT1/cmr/m/n/10 7\OML/cmm/m/it/10 :\OT1/cmr/m/n/10 9998998
 []


Overfull \hbox (21.97397pt too wide) detected at line 221
\OT1/cmr/bx/n/10 y[]y[] \OT1/cmr/m/n/10 = (\OMS/cmsy/m/n/10 ^^@\OT1/cmr/m/n/10 2) \OMS/cmsy/m/n/10 ^^B \OT1/cmr/m/n/10 (\OMS/cmsy/m/n/10 ^^@\OT1/cmr/m/n/10 2) + (\OMS/cmsy/m/n/10 ^^@\OT1/cmr/m/n/10 1\OML/cmm/m/it/10 :\OT1/cmr/m/n/10 9999) \OMS/cmsy/m/n/10 ^^B \OT1/cmr/m/n/10 (\OMS/cmsy/m/n/10 ^^@\OT1/cmr/m/n/10 1\OML/cmm/m/it/10 :\OT1/cmr/m/n/10 9999) + (\OMS/cmsy/m/n/10 ^^@\OT1/cmr/m/n/10 2) \OMS/cmsy/m/n/10 ^^B \OT1/cmr/m/n/10 (\OMS/cmsy/m/n/10 ^^@\OT1/cmr/m/n/10 2) + (\OMS/cmsy/m/n/10 ^^@\OT1/cmr/m/n/10 2) \OMS/cmsy/m/n/10 ^^B \OT1/cmr/m/n/10 (\OMS/cmsy/m/n/10 ^^@\OT1/cmr/m/n/10 2) = 15\OML/cmm/m/it/10 :\OT1/cmr/m/n/10 99960001
 []

[6] [7] (./hw3.aux) ) 
Here is how much of TeX's memory you used:
 1189 strings out of 480247
 18385 string characters out of 5896151
 328945 words of memory out of 5000000
 19176 multiletter control sequences out of 15000+600000
 475261 words of font info for 49 fonts, out of 8000000 for 9000
 14 hyphenation exceptions out of 8191
 54i,16n,62p,694b,191s stack positions out of 5000i,500n,10000p,200000b,80000s
 </home/steve0gillet/.texlive2021/texmf-var/fonts/pk/ljfour/public/cm/cmmi5.600pk> </usr/share/texlive/texmf-dist/fonts/pk/ljfour/public/cm/dpi600/cmsy7.pk> </usr/share/texlive/texmf-dist/fonts/pk/ljfour/public/cm/dpi600/cmmi7.pk> </usr/share/texlive/texmf-dist/fonts/pk/ljfour/public/cm/dpi600/cmbx10.pk> </home/steve0gillet/.texlive2021/texmf-var/fonts/pk/ljfour/public/cm/cmbx12.600pk> </usr/share/texlive/texmf-dist/fonts/pk/ljfour/public/cm/dpi600/cmsy10.pk> </usr/share/texlive/texmf-dist/fonts/pk/ljfour/public/cm/dpi600/cmex10.pk> </usr/share/texlive/texmf-dist/fonts/pk/ljfour/public/cm/dpi600/cmr7.pk> </usr/share/texlive/texmf-dist/fonts/pk/ljfour/public/cm/dpi600/cmmi10.pk> </usr/share/texlive/texmf-dist/fonts/pk/ljfour/public/cm/dpi600/cmr10.pk> </home/steve0gillet/.texlive2021/texmf-var/fonts/pk/ljfour/public/cm/cmbx12.720pk> </usr/share/texlive/texmf-dist/fonts/pk/ljfour/public/cm/dpi600/cmr12.pk> </usr/share/texlive/texmf-dist/fonts/pk/ljfour/public/cm/dpi600/cmr17.pk>
Output written on hw3.pdf (7 pages, 83595 bytes).
PDF statistics:
 321 PDF objects out of 1000 (max. 8388607)
 70 compressed objects within 1 object stream
 0 named destinations out of 1000 (max. 500000)
 1 words of extra memory for PDF output out of 10000 (max. 10000000)

